<?xml version="1.0" encoding="UTF-8"?>
<testng-results ignored="0" total="1" passed="1" failed="0" skipped="0">
  <reporter-output>
  </reporter-output>
  <suite started-at="2018-12-11T17:33:47Z" name="Default suite" finished-at="2018-12-11T17:33:51Z" duration-ms="4509">
    <groups>
    </groups>
    <test started-at="2018-12-11T17:33:47Z" name="Default test" finished-at="2018-12-11T17:33:51Z" duration-ms="4509">
      <class name="tests.GoogleTitle">
        <test-method signature="getGoogleTitle()[pri:0, instance:tests.GoogleTitle@43dac38f]" started-at="2018-12-11T17:33:47Z" name="getGoogleTitle" finished-at="2018-12-11T17:33:51Z" duration-ms="4484" status="PASS">
          <reporter-output>
          </reporter-output>
        </test-method> <!-- getGoogleTitle -->
      </class> <!-- tests.GoogleTitle -->
    </test> <!-- Default test -->
  </suite> <!-- Default suite -->
</testng-results>
